<?xml version="1.0" encoding="UTF-8"?>
<testsuite xmlns:xsi="http://www.w3.org/2001/XMLSchema-instance" xsi:noNamespaceSchemaLocation="https://maven.apache.org/surefire/maven-surefire-plugin/xsd/surefire-test-report.xsd" name="TestSuite" time="55.568" tests="2" errors="0" skipped="0" failures="0">
  <properties>
[...]
</properties>
  <testcase name="createTransactionO" classname="M.Driver.ComponentsMain.CreationTransactionOnlineDriver" time="29.672"/>
  <testcase name="createTransactionO" classname="M.Driver.ComponentsMain.CreationTransactionOnlineDriver" time="21.462"/>
</testsuite>